<?xml version="1.0" encoding="UTF-8"?>
<!-- Generated by org.testng.reporters.JUnitReportReporter -->
<testsuite hostname="LAPTOP-8PO5ARJU" failures="0" tests="1" name="com.Guru99eCommerce.LiveProject.TestCase8" time="47.129" errors="0" timestamp="2022-10-13T21:31:33 IST" skipped="0">
  <testcase classname="com.Guru99eCommerce.LiveProject.TestCase8" name="testTestCase8" time="47.129"/>
  <system-out/>
</testsuite> <!-- com.Guru99eCommerce.LiveProject.TestCase8 -->
