<?xml version="1.0" encoding="UTF-8"?>
<!-- Generated by org.testng.reporters.JUnitReportReporter -->
<testsuite hostname="LAPTOP-8PO5ARJU" failures="0" tests="1" name="com.eCommerce.LiveProject.EmailUtil.TestCase10" time="62.473" errors="0" timestamp="2022-10-14T12:03:28 IST" skipped="0">
  <testcase classname="com.eCommerce.LiveProject.EmailUtil.TestCase10" name="testTestCase10" time="62.473"/>
  <system-out/>
</testsuite> <!-- com.eCommerce.LiveProject.EmailUtil.TestCase10 -->
