<?xml version="1.0" encoding="UTF-8"?>
<!-- Generated by org.testng.reporters.JUnitReportReporter -->
<testsuite hostname="LAPTOP-8PO5ARJU" failures="0" tests="1" name="com.Guru99eCommerce.LiveProject.TestCase5" time="38.854" errors="0" timestamp="2022-10-13T15:08:28 IST" skipped="0">
  <testcase classname="com.Guru99eCommerce.LiveProject.TestCase5" name="testTestCase5" time="38.854"/>
  <system-out/>
</testsuite> <!-- com.Guru99eCommerce.LiveProject.TestCase5 -->
