<?xml version="1.0" encoding="UTF-8"?>
<!-- Generated by org.testng.reporters.JUnitReportReporter -->
<testsuite hostname="LAPTOP-8PO5ARJU" failures="0" tests="1" name="com.Guru99eCommerce.LiveProject.Demo.TestCase3" time="19.001" errors="0" timestamp="2022-10-12T22:10:32 IST" skipped="0">
  <testcase classname="com.Guru99eCommerce.LiveProject.Demo.TestCase3" name="testTestCase3" time="19.001"/>
  <system-out/>
</testsuite> <!-- com.Guru99eCommerce.LiveProject.Demo.TestCase3 -->
