<?xml version="1.0" encoding="UTF-8"?>
<!-- Generated by org.testng.reporters.JUnitReportReporter -->
<testsuite hostname="LAPTOP-8PO5ARJU" failures="0" tests="1" name="com.Guru99eCommerce.LiveProject.TestCase7a" time="19.987" errors="0" timestamp="2022-10-13T20:08:44 IST" skipped="0">
  <testcase classname="com.Guru99eCommerce.LiveProject.TestCase7a" name="testTestCase7a" time="19.987"/>
  <system-out/>
</testsuite> <!-- com.Guru99eCommerce.LiveProject.TestCase7a -->
