<?xml version="1.0" encoding="UTF-8"?>
<!-- Generated by org.testng.reporters.JUnitReportReporter -->
<testsuite hostname="LAPTOP-8PO5ARJU" failures="0" tests="1" name="com.Guru99eCommerce.LiveProject.TestCase1" time="19.726" errors="0" timestamp="2022-10-12T20:05:40 IST" skipped="0">
  <testcase classname="com.Guru99eCommerce.LiveProject.TestCase1" name="testDay1TestCase1" time="19.726"/>
  <system-out/>
</testsuite> <!-- com.Guru99eCommerce.LiveProject.TestCase1 -->
