<?xml version="1.0" encoding="UTF-8"?>
<!-- Generated by org.testng.reporters.JUnitReportReporter -->
<testsuite hostname="LAPTOP-8PO5ARJU" failures="0" tests="1" name="com.Guru99eCommerce.LiveProject.TestCase9" time="30.582" errors="0" timestamp="2022-10-13T22:30:26 IST" skipped="0">
  <testcase classname="com.Guru99eCommerce.LiveProject.TestCase9" name="testTestCase9" time="30.582"/>
  <system-out/>
</testsuite> <!-- com.Guru99eCommerce.LiveProject.TestCase9 -->
