<?xml version="1.0" encoding="UTF-8"?>
<!-- Generated by org.testng.reporters.JUnitReportReporter -->
<testsuite hostname="LAPTOP-8PO5ARJU" failures="0" tests="1" name="com.Guru99eCommerce.LiveProject.TestCase2" time="20.017" errors="0" timestamp="2022-10-12T20:30:21 IST" skipped="0">
  <testcase classname="com.Guru99eCommerce.LiveProject.TestCase2" name="testTestCase2" time="20.017"/>
  <system-out/>
</testsuite> <!-- com.Guru99eCommerce.LiveProject.TestCase2 -->
